#
# A fatal error has been detected by the Java Runtime Environment:
#
#  EXCEPTION_ACCESS_VIOLATION (0xc0000005) at pc=0x00007ffbac76c1c4, pid=8680, tid=12540
#
# JRE version: OpenJDK Runtime Environment (15.0.1+9) (build 15.0.1+9-18)
# Java VM: OpenJDK 64-Bit Server VM (15.0.1+9-18, mixed mode, tiered, compressed oops, g1 gc, windows-amd64)
# Problematic frame:
# C  [cyjagent.dll+0xc1c4]
#
# No core dump will be written. Minidumps are not enabled by default on client versions of Windows
#
# If you would like to submit a bug report, please visit:
#   https://bugreport.java.com/bugreport/crash.jsp
# The crash happened outside the Java Virtual Machine in native code.
# See problematic frame for where to report the bug.
#

---------------  S U M M A R Y ------------

Command Line: -Dfile.encoding=Cp1252 -XX:+ShowCodeDetailsInExceptionMessages -agentpath:C:\Program Files\Palo Alto Networks\Traps\cyjagent.dll exception.UserDefinedException

Host: 12th Gen Intel(R) Core(TM) i7-1265U, 12 cores, 15G,  Windows 10 , 64 bit Build 19041 (10.0.19041.3636)
Time: Sun Jan 21 12:30:30 2024 India Standard Time elapsed time: 0.096779 seconds (0d 0h 0m 0s)

---------------  T H R E A D  ---------------

Current thread (0x00000260df4cc730):  JavaThread "Attach Listener" daemon [_thread_in_native, id=12540, stack(0x000000b343500000,0x000000b343600000)]

Stack: [0x000000b343500000,0x000000b343600000],  sp=0x000000b3435fd1f0,  free space=1012k
Native frames: (J=compiled Java code, j=interpreted, Vv=VM code, C=native code)
C  [cyjagent.dll+0xc1c4]

Java frames: (J=compiled Java code, j=interpreted, Vv=VM code)
j  java.util.zip.CRC32.<clinit>()V+16 java.base@15.0.1
v  ~StubRoutines::call_stub
j  sun.util.calendar.ZoneInfoFile.getZoneInfo(Ljava/lang/String;[J[I[J[I[Lsun/util/calendar/ZoneInfoFile$ZoneOffsetTransitionRule;)Lsun/util/calendar/ZoneInfo;+1614 java.base@15.0.1
j  sun.util.calendar.ZoneInfoFile.getZoneInfo(Ljava/io/DataInput;Ljava/lang/String;)Lsun/util/calendar/ZoneInfo;+204 java.base@15.0.1
j  sun.util.calendar.ZoneInfoFile.getZoneInfo0(Ljava/lang/String;)Lsun/util/calendar/ZoneInfo;+92 java.base@15.0.1
j  sun.util.calendar.ZoneInfoFile.getZoneInfo(Ljava/lang/String;)Lsun/util/calendar/ZoneInfo;+7 java.base@15.0.1
j  sun.util.calendar.ZoneInfo.getTimeZone(Ljava/lang/String;)Ljava/util/TimeZone;+1 java.base@15.0.1
j  java.util.TimeZone.getTimeZone(Ljava/lang/String;Z)Ljava/util/TimeZone;+1 java.base@15.0.1
j  java.util.TimeZone.setDefaultZone()Ljava/util/TimeZone;+48 java.base@15.0.1
j  java.util.TimeZone.getDefaultRef()Ljava/util/TimeZone;+8 java.base@15.0.1
j  java.util.Date.normalize()Lsun/util/calendar/BaseCalendar$Date;+21 java.base@15.0.1
j  java.util.Date.toString()Ljava/lang/String;+1 java.base@15.0.1
j  java.util.Properties.store0(Ljava/io/BufferedWriter;Ljava/lang/String;Z)V+29 java.base@15.0.1
j  java.util.Properties.store(Ljava/io/OutputStream;Ljava/lang/String;)V+21 java.base@15.0.1
j  jdk.internal.vm.VMSupport.serializePropertiesToByteArray(Ljava/util/Properties;)[B+77 java.base@15.0.1
j  jdk.internal.vm.VMSupport.serializePropertiesToByteArray()[B+3 java.base@15.0.1
v  ~StubRoutines::call_stub

siginfo: EXCEPTION_ACCESS_VIOLATION (0xc0000005), reading address 0x0000000000000000


Register to memory mapping:

RIP=0x00007ffbac76c1c4 cyjagent.dll
RAX=0x0 is NULL
RBX=0x00000260df4cca58 points into unknown readable memory: 0x00007ffb3221de40 | 40 de 21 32 fb 7f 00 00
RCX=0x0 is NULL
RDX=0x00000260bd2b97a0 points into unknown readable memory: 0x00000260df4cc730 | 30 c7 4c df 60 02 00 00
RSP=0x000000b3435fd1f0 is pointing into the stack for thread: 0x00000260df4cc730
RBP=0x00000260c2f8f8d0 points into unknown readable memory: 0x00000260c2ed4f20 | 20 4f ed c2 60 02 00 00
RSI=0x0 is NULL
RDI=0x00000260df69d800 points into unknown readable memory: 0x6974752f6176616a | 6a 61 76 61 2f 75 74 69
R8 =0x0 is NULL
R9 =0x00000260c2f8f8d0 points into unknown readable memory: 0x00000260c2ed4f20 | 20 4f ed c2 60 02 00 00
R10=0x0 is NULL
R11=0x0000000000000246 is an unknown value
R12=0x0 is NULL
R13=0x00000260df69b5a0 points into unknown readable memory: 0x0000000000000000 | 00 00 00 00 00 00 00 00
R14=0x000000b3435fd3f0 is pointing into the stack for thread: 0x00000260df4cc730
R15=0x0 is NULL


Registers:
RAX=0x0000000000000000, RBX=0x00000260df4cca58, RCX=0x0000000000000000, RDX=0x00000260bd2b97a0
RSP=0x000000b3435fd1f0, RBP=0x00000260c2f8f8d0, RSI=0x0000000000000000, RDI=0x00000260df69d800
R8 =0x0000000000000000, R9 =0x00000260c2f8f8d0, R10=0x0000000000000000, R11=0x0000000000000246
R12=0x0000000000000000, R13=0x00000260df69b5a0, R14=0x000000b3435fd3f0, R15=0x0000000000000000
RIP=0x00007ffbac76c1c4, EFLAGS=0x0000000000010202

Top of Stack: (sp=0x000000b3435fd1f0)
0x000000b3435fd1f0:   00000260df4cca58 0000000000000000
0x000000b3435fd200:   00000260bd290150 00007ffb31bf6c4e
0x000000b3435fd210:   00000000000000e9 00000000000003ff
0x000000b3435fd220:   0000000000000000 00000260c2f8f8d0
0x000000b3435fd230:   000000b3435fd2c0 00000260df695900
0x000000b3435fd240:   00000260bd89b760 0000000000000000
0x000000b3435fd250:   0000000000000000 00007ffb31d0c798
0x000000b3435fd260:   00000260bd89b760 00000260df4cc730
0x000000b3435fd270:   00000260df69d800 0000000000000169
0x000000b3435fd280:   00000260df69d800 0000000000000000
0x000000b3435fd290:   000000b30000221a 00000260df69b5b0
0x000000b3435fd2a0:   000000b3435fd388 000000b3435fd2b8
0x000000b3435fd2b0:   0000000000000000 0000000000000000
0x000000b3435fd2c0:   00000260df4cab90 00000260df69b5a0
0x000000b3435fd2d0:   00000260df69d820 00000260df6a3588
0x000000b3435fd2e0:   00000000000083b0 00000260df4cc730 

Instructions: (pc=0x00007ffbac76c1c4)
0x00007ffbac76c0c4:   00 00 03 72 2d 44 8b ce 48 8d 05 3d e0 01 00 ba
0x00007ffbac76c0d4:   2f 00 00 00 4e 8b 0c c8 48 8b 89 b0 02 00 00 4c
0x00007ffbac76c0e4:   8d 05 56 df 01 00 e8 51 50 ff ff 48 8b 0d ea 38
0x00007ffbac76c0f4:   02 00 48 3b cb 74 68 f6 81 bc 02 00 00 10 74 5f
0x00007ffbac76c104:   80 b9 b9 02 00 00 02 72 56 4c 8b 8c 24 90 00 00
0x00007ffbac76c114:   00 4c 8d 05 24 df 01 00 48 8b 89 b0 02 00 00 ba
0x00007ffbac76c124:   31 00 00 00 e8 13 50 ff ff eb 34 49 8b 0f 4c 8b
0x00007ffbac76c134:   c3 48 8b d6 e8 d3 63 00 00 48 8b 84 24 b0 00 00
0x00007ffbac76c144:   00 89 18 48 8b 0d 6a 4c 02 00 4c 8b c6 33 d2 ff
0x00007ffbac76c154:   15 97 50 01 00 eb 08 a8 02 75 04 c6 47 40 01 b8
0x00007ffbac76c164:   ff ff ff ff f0 0f c1 47 10 4c 8b b4 24 88 00 00
0x00007ffbac76c174:   00 83 f8 01 75 42 48 8b 4f 18 48 81 c1 70 01 00
0x00007ffbac76c184:   00 ff 15 1d 51 01 00 48 8b 0f 48 8b 47 08 48 89
0x00007ffbac76c194:   08 48 89 41 08 48 8b 4f 18 48 81 c1 70 01 00 00
0x00007ffbac76c1a4:   ff 15 06 51 01 00 48 8b 0d 07 4c 02 00 4c 8b c7
0x00007ffbac76c1b4:   33 d2 ff 15 34 50 01 00 48 8b 4d 20 48 8b 55 10
0x00007ffbac76c1c4:   48 8b 01 48 8b 80 08 01 00 00 ff 15 0c 51 01 00
0x00007ffbac76c1d4:   85 c0 74 40 48 8b 0d 01 38 02 00 48 8d 15 fa 37
0x00007ffbac76c1e4:   02 00 48 3b ca 74 2d f6 81 bc 02 00 00 10 74 24
0x00007ffbac76c1f4:   80 b9 b9 02 00 00 03 72 1b 48 8b 89 b0 02 00 00
0x00007ffbac76c204:   4c 8d 05 35 de 01 00 ba 15 00 00 00 44 8b c8 e8
0x00007ffbac76c214:   68 4e ff ff 48 8b 6c 24 78 48 8b b4 24 80 00 00
0x00007ffbac76c224:   00 48 83 c4 50 41 5f 5f 5b c3 cc cc 40 57 48 83
0x00007ffbac76c234:   ec 30 f6 81 78 01 00 00 04 48 8b f9 0f 85 87 02
0x00007ffbac76c244:   00 00 48 89 5c 24 40 45 33 c9 48 89 6c 24 48 33
0x00007ffbac76c254:   d2 48 89 74 24 50 48 8b 71 20 45 8d 41 32 48 8b
0x00007ffbac76c264:   ce 48 8b 06 48 8b 40 08 ff 15 6e 50 01 00 48 8d
0x00007ffbac76c274:   2d 67 37 02 00 85 c0 74 37 48 8b 0d 5c 37 02 00
0x00007ffbac76c284:   48 3b cd 74 2b f6 81 bc 02 00 00 10 74 22 80 b9
0x00007ffbac76c294:   b9 02 00 00 02 72 19 48 8b 89 b0 02 00 00 ba 11
0x00007ffbac76c2a4:   00 00 00 89 44 24 20 44 8d 4a 21 e8 7c dc ff ff
0x00007ffbac76c2b4:   48 8b 06 45 33 c9 33 d2 48 8b ce 48 8b 40 08 45 


Stack slot to memory mapping:
stack at sp + 0 slots: 0x00000260df4cca58 points into unknown readable memory: 0x00007ffb3221de40 | 40 de 21 32 fb 7f 00 00
stack at sp + 1 slots: 0x0 is NULL
stack at sp + 2 slots: 0x00000260bd290150 points into unknown readable memory: 0x00000260bd2be520 | 20 e5 2b bd 60 02 00 00
stack at sp + 3 slots: 0x00007ffb31bf6c4e jvm.dll
stack at sp + 4 slots: 0x00000000000000e9 is an unknown value
stack at sp + 5 slots: 0x00000000000003ff is an unknown value
stack at sp + 6 slots: 0x0 is NULL
stack at sp + 7 slots: 0x00000260c2f8f8d0 points into unknown readable memory: 0x00000260c2ed4f20 | 20 4f ed c2 60 02 00 00


---------------  P R O C E S S  ---------------

Threads class SMR info:
_java_thread_list=0x00000260df6c56f0, length=10, elements={
0x00000260dec1e6d0, 0x00000260df4e2120, 0x00000260df4cbd70, 0x00000260df4cc730,
0x00000260df4cd0f0, 0x00000260df4ce4a0, 0x00000260df514430, 0x00000260df515650,
0x00000260df696fa0, 0x00000260df694080
}

Java Threads: ( => current thread )
  0x00000260dec1e6d0 JavaThread "Reference Handler" daemon [_thread_blocked, id=7696, stack(0x000000b343200000,0x000000b343300000)]
  0x00000260df4e2120 JavaThread "Finalizer" daemon [_thread_blocked, id=14656, stack(0x000000b343300000,0x000000b343400000)]
  0x00000260df4cbd70 JavaThread "Signal Dispatcher" daemon [_thread_blocked, id=2492, stack(0x000000b343400000,0x000000b343500000)]
=>0x00000260df4cc730 JavaThread "Attach Listener" daemon [_thread_in_native, id=12540, stack(0x000000b343500000,0x000000b343600000)]
  0x00000260df4cd0f0 JavaThread "Service Thread" daemon [_thread_blocked, id=16760, stack(0x000000b343600000,0x000000b343700000)]
  0x00000260df4ce4a0 JavaThread "C2 CompilerThread0" daemon [_thread_blocked, id=7060, stack(0x000000b343700000,0x000000b343800000)]
  0x00000260df514430 JavaThread "C1 CompilerThread0" daemon [_thread_blocked, id=15492, stack(0x000000b343800000,0x000000b343900000)]
  0x00000260df515650 JavaThread "Sweeper thread" daemon [_thread_blocked, id=268, stack(0x000000b343900000,0x000000b343a00000)]
  0x00000260df696fa0 JavaThread "Notification Thread" daemon [_thread_blocked, id=19160, stack(0x000000b343a00000,0x000000b343b00000)]
  0x00000260df694080 JavaThread "Common-Cleaner" daemon [_thread_blocked, id=11644, stack(0x000000b343c00000,0x000000b343d00000)]

Other Threads:
  0x00000260debf1b60 VMThread "VM Thread" [stack: 0x000000b343100000,0x000000b343200000] [id=6744] _threads_hazard_ptr=0x00000260df6c56f0
  0x00000260bd8f7810 GCTaskThread "GC Thread#0" [stack: 0x000000b342c00000,0x000000b342d00000] [id=16248]
  0x00000260bd909510 ConcurrentGCThread "G1 Main Marker" [stack: 0x000000b342d00000,0x000000b342e00000] [id=19552]
  0x00000260bd90bb90 ConcurrentGCThread "G1 Conc#0" [stack: 0x000000b342e00000,0x000000b342f00000] [id=17160]
  0x00000260deacfda0 ConcurrentGCThread "G1 Refine#0" [stack: 0x000000b342f00000,0x000000b343000000] [id=7496]
  0x00000260dead08b0 ConcurrentGCThread "G1 Young RemSet Sampling" [stack: 0x000000b343000000,0x000000b343100000] [id=7300]

Threads with active compile tasks:
C1 CompilerThread0      194   73       3       java.lang.StringUTF16::compress (20 bytes)

VM state: at safepoint (normal execution)

VM Mutex/Monitor currently owned by a thread:  ([mutex/lock_event])
[0x00000260bd8a4230] Threads_lock - owner thread: 0x00000260debf1b60
[0x00000260bd8a4e90] Heap_lock - owner thread: 0x00000260bd8a9a20

Heap address: 0x0000000704e00000, size: 4018 MB, Compressed Oops mode: Zero based, Oop shift amount: 3
CDS disabled.
Compressed class space mapped at: 0x0000000800000000-0x0000000840000000, size: 1073741824
Narrow klass base: 0x0000000800000000, Narrow klass shift: 0, Narrow klass range: 0x40000000

GC Precious Log:
 CPUs: 12 total, 12 available
 Memory: 16068M
 Large Page Support: Disabled
 NUMA Support: Disabled
 Compressed Oops: Enabled (Zero based)
 Heap Region Size: 2M
 Heap Min Capacity: 8M
 Heap Initial Capacity: 252M
 Heap Max Capacity: 4018M
 Pre-touch: Disabled
 Parallel Workers: 10
 Concurrent Workers: 3
 Concurrent Refinement Workers: 10
 Periodic GC: Disabled

Heap:
 garbage-first heap   total 258048K, used 0K [0x0000000704e00000, 0x0000000800000000)
  region size 2048K, 1 young (2048K), 0 survivors (0K)
 Metaspace       used 4156K, capacity 4496K, committed 4864K, reserved 1056768K
  class space    used 354K, capacity 388K, committed 512K, reserved 1048576K

Heap Regions: E=young(eden), S=young(survivor), O=old, HS=humongous(starts), HC=humongous(continues), CS=collection set, F=free, OA=open archive, CA=closed archive, TAMS=top-at-mark-start (previous, next)
|   0|0x0000000704e00000, 0x0000000704e00000, 0x0000000705000000|  0%| F|  |TAMS 0x0000000704e00000, 0x0000000704e00000| Untracked 
|   1|0x0000000705000000, 0x0000000705000000, 0x0000000705200000|  0%| F|  |TAMS 0x0000000705000000, 0x0000000705000000| Untracked 
|   2|0x0000000705200000, 0x0000000705200000, 0x0000000705400000|  0%| F|  |TAMS 0x0000000705200000, 0x0000000705200000| Untracked 
|   3|0x0000000705400000, 0x0000000705400000, 0x0000000705600000|  0%| F|  |TAMS 0x0000000705400000, 0x0000000705400000| Untracked 
|   4|0x0000000705600000, 0x0000000705600000, 0x0000000705800000|  0%| F|  |TAMS 0x0000000705600000, 0x0000000705600000| Untracked 
|   5|0x0000000705800000, 0x0000000705800000, 0x0000000705a00000|  0%| F|  |TAMS 0x0000000705800000, 0x0000000705800000| Untracked 
|   6|0x0000000705a00000, 0x0000000705a00000, 0x0000000705c00000|  0%| F|  |TAMS 0x0000000705a00000, 0x0000000705a00000| Untracked 
|   7|0x0000000705c00000, 0x0000000705c00000, 0x0000000705e00000|  0%| F|  |TAMS 0x0000000705c00000, 0x0000000705c00000| Untracked 
|   8|0x0000000705e00000, 0x0000000705e00000, 0x0000000706000000|  0%| F|  |TAMS 0x0000000705e00000, 0x0000000705e00000| Untracked 
|   9|0x0000000706000000, 0x0000000706000000, 0x0000000706200000|  0%| F|  |TAMS 0x0000000706000000, 0x0000000706000000| Untracked 
|  10|0x0000000706200000, 0x0000000706200000, 0x0000000706400000|  0%| F|  |TAMS 0x0000000706200000, 0x0000000706200000| Untracked 
|  11|0x0000000706400000, 0x0000000706400000, 0x0000000706600000|  0%| F|  |TAMS 0x0000000706400000, 0x0000000706400000| Untracked 
|  12|0x0000000706600000, 0x0000000706600000, 0x0000000706800000|  0%| F|  |TAMS 0x0000000706600000, 0x0000000706600000| Untracked 
|  13|0x0000000706800000, 0x0000000706800000, 0x0000000706a00000|  0%| F|  |TAMS 0x0000000706800000, 0x0000000706800000| Untracked 
|  14|0x0000000706a00000, 0x0000000706a00000, 0x0000000706c00000|  0%| F|  |TAMS 0x0000000706a00000, 0x0000000706a00000| Untracked 
|  15|0x0000000706c00000, 0x0000000706c00000, 0x0000000706e00000|  0%| F|  |TAMS 0x0000000706c00000, 0x0000000706c00000| Untracked 
|  16|0x0000000706e00000, 0x0000000706e00000, 0x0000000707000000|  0%| F|  |TAMS 0x0000000706e00000, 0x0000000706e00000| Untracked 
|  17|0x0000000707000000, 0x0000000707000000, 0x0000000707200000|  0%| F|  |TAMS 0x0000000707000000, 0x0000000707000000| Untracked 
|  18|0x0000000707200000, 0x0000000707200000, 0x0000000707400000|  0%| F|  |TAMS 0x0000000707200000, 0x0000000707200000| Untracked 
|  19|0x0000000707400000, 0x0000000707400000, 0x0000000707600000|  0%| F|  |TAMS 0x0000000707400000, 0x0000000707400000| Untracked 
|  20|0x0000000707600000, 0x0000000707600000, 0x0000000707800000|  0%| F|  |TAMS 0x0000000707600000, 0x0000000707600000| Untracked 
|  21|0x0000000707800000, 0x0000000707800000, 0x0000000707a00000|  0%| F|  |TAMS 0x0000000707800000, 0x0000000707800000| Untracked 
|  22|0x0000000707a00000, 0x0000000707a00000, 0x0000000707c00000|  0%| F|  |TAMS 0x0000000707a00000, 0x0000000707a00000| Untracked 
|  23|0x0000000707c00000, 0x0000000707c00000, 0x0000000707e00000|  0%| F|  |TAMS 0x0000000707c00000, 0x0000000707c00000| Untracked 
|  24|0x0000000707e00000, 0x0000000707e00000, 0x0000000708000000|  0%| F|  |TAMS 0x0000000707e00000, 0x0000000707e00000| Untracked 
|  25|0x0000000708000000, 0x0000000708000000, 0x0000000708200000|  0%| F|  |TAMS 0x0000000708000000, 0x0000000708000000| Untracked 
|  26|0x0000000708200000, 0x0000000708200000, 0x0000000708400000|  0%| F|  |TAMS 0x0000000708200000, 0x0000000708200000| Untracked 
|  27|0x0000000708400000, 0x0000000708400000, 0x0000000708600000|  0%| F|  |TAMS 0x0000000708400000, 0x0000000708400000| Untracked 
|  28|0x0000000708600000, 0x0000000708600000, 0x0000000708800000|  0%| F|  |TAMS 0x0000000708600000, 0x0000000708600000| Untracked 
|  29|0x0000000708800000, 0x0000000708800000, 0x0000000708a00000|  0%| F|  |TAMS 0x0000000708800000, 0x0000000708800000| Untracked 
|  30|0x0000000708a00000, 0x0000000708a00000, 0x0000000708c00000|  0%| F|  |TAMS 0x0000000708a00000, 0x0000000708a00000| Untracked 
|  31|0x0000000708c00000, 0x0000000708c00000, 0x0000000708e00000|  0%| F|  |TAMS 0x0000000708c00000, 0x0000000708c00000| Untracked 
|  32|0x0000000708e00000, 0x0000000708e00000, 0x0000000709000000|  0%| F|  |TAMS 0x0000000708e00000, 0x0000000708e00000| Untracked 
|  33|0x0000000709000000, 0x0000000709000000, 0x0000000709200000|  0%| F|  |TAMS 0x0000000709000000, 0x0000000709000000| Untracked 
|  34|0x0000000709200000, 0x0000000709200000, 0x0000000709400000|  0%| F|  |TAMS 0x0000000709200000, 0x0000000709200000| Untracked 
|  35|0x0000000709400000, 0x0000000709400000, 0x0000000709600000|  0%| F|  |TAMS 0x0000000709400000, 0x0000000709400000| Untracked 
|  36|0x0000000709600000, 0x0000000709600000, 0x0000000709800000|  0%| F|  |TAMS 0x0000000709600000, 0x0000000709600000| Untracked 
|  37|0x0000000709800000, 0x0000000709800000, 0x0000000709a00000|  0%| F|  |TAMS 0x0000000709800000, 0x0000000709800000| Untracked 
|  38|0x0000000709a00000, 0x0000000709a00000, 0x0000000709c00000|  0%| F|  |TAMS 0x0000000709a00000, 0x0000000709a00000| Untracked 
|  39|0x0000000709c00000, 0x0000000709c00000, 0x0000000709e00000|  0%| F|  |TAMS 0x0000000709c00000, 0x0000000709c00000| Untracked 
|  40|0x0000000709e00000, 0x0000000709e00000, 0x000000070a000000|  0%| F|  |TAMS 0x0000000709e00000, 0x0000000709e00000| Untracked 
|  41|0x000000070a000000, 0x000000070a000000, 0x000000070a200000|  0%| F|  |TAMS 0x000000070a000000, 0x000000070a000000| Untracked 
|  42|0x000000070a200000, 0x000000070a200000, 0x000000070a400000|  0%| F|  |TAMS 0x000000070a200000, 0x000000070a200000| Untracked 
|  43|0x000000070a400000, 0x000000070a400000, 0x000000070a600000|  0%| F|  |TAMS 0x000000070a400000, 0x000000070a400000| Untracked 
|  44|0x000000070a600000, 0x000000070a600000, 0x000000070a800000|  0%| F|  |TAMS 0x000000070a600000, 0x000000070a600000| Untracked 
|  45|0x000000070a800000, 0x000000070a800000, 0x000000070aa00000|  0%| F|  |TAMS 0x000000070a800000, 0x000000070a800000| Untracked 
|  46|0x000000070aa00000, 0x000000070aa00000, 0x000000070ac00000|  0%| F|  |TAMS 0x000000070aa00000, 0x000000070aa00000| Untracked 
|  47|0x000000070ac00000, 0x000000070ac00000, 0x000000070ae00000|  0%| F|  |TAMS 0x000000070ac00000, 0x000000070ac00000| Untracked 
|  48|0x000000070ae00000, 0x000000070ae00000, 0x000000070b000000|  0%| F|  |TAMS 0x000000070ae00000, 0x000000070ae00000| Untracked 
|  49|0x000000070b000000, 0x000000070b000000, 0x000000070b200000|  0%| F|  |TAMS 0x000000070b000000, 0x000000070b000000| Untracked 
|  50|0x000000070b200000, 0x000000070b200000, 0x000000070b400000|  0%| F|  |TAMS 0x000000070b200000, 0x000000070b200000| Untracked 
|  51|0x000000070b400000, 0x000000070b400000, 0x000000070b600000|  0%| F|  |TAMS 0x000000070b400000, 0x000000070b400000| Untracked 
|  52|0x000000070b600000, 0x000000070b600000, 0x000000070b800000|  0%| F|  |TAMS 0x000000070b600000, 0x000000070b600000| Untracked 
|  53|0x000000070b800000, 0x000000070b800000, 0x000000070ba00000|  0%| F|  |TAMS 0x000000070b800000, 0x000000070b800000| Untracked 
|  54|0x000000070ba00000, 0x000000070ba00000, 0x000000070bc00000|  0%| F|  |TAMS 0x000000070ba00000, 0x000000070ba00000| Untracked 
|  55|0x000000070bc00000, 0x000000070bc00000, 0x000000070be00000|  0%| F|  |TAMS 0x000000070bc00000, 0x000000070bc00000| Untracked 
|  56|0x000000070be00000, 0x000000070be00000, 0x000000070c000000|  0%| F|  |TAMS 0x000000070be00000, 0x000000070be00000| Untracked 
|  57|0x000000070c000000, 0x000000070c000000, 0x000000070c200000|  0%| F|  |TAMS 0x000000070c000000, 0x000000070c000000| Untracked 
|  58|0x000000070c200000, 0x000000070c200000, 0x000000070c400000|  0%| F|  |TAMS 0x000000070c200000, 0x000000070c200000| Untracked 
|  59|0x000000070c400000, 0x000000070c400000, 0x000000070c600000|  0%| F|  |TAMS 0x000000070c400000, 0x000000070c400000| Untracked 
|  60|0x000000070c600000, 0x000000070c600000, 0x000000070c800000|  0%| F|  |TAMS 0x000000070c600000, 0x000000070c600000| Untracked 
|  61|0x000000070c800000, 0x000000070c800000, 0x000000070ca00000|  0%| F|  |TAMS 0x000000070c800000, 0x000000070c800000| Untracked 
|  62|0x000000070ca00000, 0x000000070ca00000, 0x000000070cc00000|  0%| F|  |TAMS 0x000000070ca00000, 0x000000070ca00000| Untracked 
|  63|0x000000070cc00000, 0x000000070cc00000, 0x000000070ce00000|  0%| F|  |TAMS 0x000000070cc00000, 0x000000070cc00000| Untracked 
|  64|0x000000070ce00000, 0x000000070ce00000, 0x000000070d000000|  0%| F|  |TAMS 0x000000070ce00000, 0x000000070ce00000| Untracked 
|  65|0x000000070d000000, 0x000000070d000000, 0x000000070d200000|  0%| F|  |TAMS 0x000000070d000000, 0x000000070d000000| Untracked 
|  66|0x000000070d200000, 0x000000070d200000, 0x000000070d400000|  0%| F|  |TAMS 0x000000070d200000, 0x000000070d200000| Untracked 
|  67|0x000000070d400000, 0x000000070d400000, 0x000000070d600000|  0%| F|  |TAMS 0x000000070d400000, 0x000000070d400000| Untracked 
|  68|0x000000070d600000, 0x000000070d600000, 0x000000070d800000|  0%| F|  |TAMS 0x000000070d600000, 0x000000070d600000| Untracked 
|  69|0x000000070d800000, 0x000000070d800000, 0x000000070da00000|  0%| F|  |TAMS 0x000000070d800000, 0x000000070d800000| Untracked 
|  70|0x000000070da00000, 0x000000070da00000, 0x000000070dc00000|  0%| F|  |TAMS 0x000000070da00000, 0x000000070da00000| Untracked 
|  71|0x000000070dc00000, 0x000000070dc00000, 0x000000070de00000|  0%| F|  |TAMS 0x000000070dc00000, 0x000000070dc00000| Untracked 
|  72|0x000000070de00000, 0x000000070de00000, 0x000000070e000000|  0%| F|  |TAMS 0x000000070de00000, 0x000000070de00000| Untracked 
|  73|0x000000070e000000, 0x000000070e000000, 0x000000070e200000|  0%| F|  |TAMS 0x000000070e000000, 0x000000070e000000| Untracked 
|  74|0x000000070e200000, 0x000000070e200000, 0x000000070e400000|  0%| F|  |TAMS 0x000000070e200000, 0x000000070e200000| Untracked 
|  75|0x000000070e400000, 0x000000070e400000, 0x000000070e600000|  0%| F|  |TAMS 0x000000070e400000, 0x000000070e400000| Untracked 
|  76|0x000000070e600000, 0x000000070e600000, 0x000000070e800000|  0%| F|  |TAMS 0x000000070e600000, 0x000000070e600000| Untracked 
|  77|0x000000070e800000, 0x000000070e800000, 0x000000070ea00000|  0%| F|  |TAMS 0x000000070e800000, 0x000000070e800000| Untracked 
|  78|0x000000070ea00000, 0x000000070ea00000, 0x000000070ec00000|  0%| F|  |TAMS 0x000000070ea00000, 0x000000070ea00000| Untracked 
|  79|0x000000070ec00000, 0x000000070ec00000, 0x000000070ee00000|  0%| F|  |TAMS 0x000000070ec00000, 0x000000070ec00000| Untracked 
|  80|0x000000070ee00000, 0x000000070ee00000, 0x000000070f000000|  0%| F|  |TAMS 0x000000070ee00000, 0x000000070ee00000| Untracked 
|  81|0x000000070f000000, 0x000000070f000000, 0x000000070f200000|  0%| F|  |TAMS 0x000000070f000000, 0x000000070f000000| Untracked 
|  82|0x000000070f200000, 0x000000070f200000, 0x000000070f400000|  0%| F|  |TAMS 0x000000070f200000, 0x000000070f200000| Untracked 
|  83|0x000000070f400000, 0x000000070f400000, 0x000000070f600000|  0%| F|  |TAMS 0x000000070f400000, 0x000000070f400000| Untracked 
|  84|0x000000070f600000, 0x000000070f600000, 0x000000070f800000|  0%| F|  |TAMS 0x000000070f600000, 0x000000070f600000| Untracked 
|  85|0x000000070f800000, 0x000000070f800000, 0x000000070fa00000|  0%| F|  |TAMS 0x000000070f800000, 0x000000070f800000| Untracked 
|  86|0x000000070fa00000, 0x000000070fa00000, 0x000000070fc00000|  0%| F|  |TAMS 0x000000070fa00000, 0x000000070fa00000| Untracked 
|  87|0x000000070fc00000, 0x000000070fc00000, 0x000000070fe00000|  0%| F|  |TAMS 0x000000070fc00000, 0x000000070fc00000| Untracked 
|  88|0x000000070fe00000, 0x000000070fe00000, 0x0000000710000000|  0%| F|  |TAMS 0x000000070fe00000, 0x000000070fe00000| Untracked 
|  89|0x0000000710000000, 0x0000000710000000, 0x0000000710200000|  0%| F|  |TAMS 0x0000000710000000, 0x0000000710000000| Untracked 
|  90|0x0000000710200000, 0x0000000710200000, 0x0000000710400000|  0%| F|  |TAMS 0x0000000710200000, 0x0000000710200000| Untracked 
|  91|0x0000000710400000, 0x0000000710400000, 0x0000000710600000|  0%| F|  |TAMS 0x0000000710400000, 0x0000000710400000| Untracked 
|  92|0x0000000710600000, 0x0000000710600000, 0x0000000710800000|  0%| F|  |TAMS 0x0000000710600000, 0x0000000710600000| Untracked 
|  93|0x0000000710800000, 0x0000000710800000, 0x0000000710a00000|  0%| F|  |TAMS 0x0000000710800000, 0x0000000710800000| Untracked 
|  94|0x0000000710a00000, 0x0000000710a00000, 0x0000000710c00000|  0%| F|  |TAMS 0x0000000710a00000, 0x0000000710a00000| Untracked 
|  95|0x0000000710c00000, 0x0000000710c00000, 0x0000000710e00000|  0%| F|  |TAMS 0x0000000710c00000, 0x0000000710c00000| Untracked 
|  96|0x0000000710e00000, 0x0000000710e00000, 0x0000000711000000|  0%| F|  |TAMS 0x0000000710e00000, 0x0000000710e00000| Untracked 
|  97|0x0000000711000000, 0x0000000711000000, 0x0000000711200000|  0%| F|  |TAMS 0x0000000711000000, 0x0000000711000000| Untracked 
|  98|0x0000000711200000, 0x0000000711200000, 0x0000000711400000|  0%| F|  |TAMS 0x0000000711200000, 0x0000000711200000| Untracked 
|  99|0x0000000711400000, 0x0000000711400000, 0x0000000711600000|  0%| F|  |TAMS 0x0000000711400000, 0x0000000711400000| Untracked 
| 100|0x0000000711600000, 0x0000000711600000, 0x0000000711800000|  0%| F|  |TAMS 0x0000000711600000, 0x0000000711600000| Untracked 
| 101|0x0000000711800000, 0x0000000711800000, 0x0000000711a00000|  0%| F|  |TAMS 0x0000000711800000, 0x0000000711800000| Untracked 
| 102|0x0000000711a00000, 0x0000000711a00000, 0x0000000711c00000|  0%| F|  |TAMS 0x0000000711a00000, 0x0000000711a00000| Untracked 
| 103|0x0000000711c00000, 0x0000000711c00000, 0x0000000711e00000|  0%| F|  |TAMS 0x0000000711c00000, 0x0000000711c00000| Untracked 
| 104|0x0000000711e00000, 0x0000000711e00000, 0x0000000712000000|  0%| F|  |TAMS 0x0000000711e00000, 0x0000000711e00000| Untracked 
| 105|0x0000000712000000, 0x0000000712000000, 0x0000000712200000|  0%| F|  |TAMS 0x0000000712000000, 0x0000000712000000| Untracked 
| 106|0x0000000712200000, 0x0000000712200000, 0x0000000712400000|  0%| F|  |TAMS 0x0000000712200000, 0x0000000712200000| Untracked 
| 107|0x0000000712400000, 0x0000000712400000, 0x0000000712600000|  0%| F|  |TAMS 0x0000000712400000, 0x0000000712400000| Untracked 
| 108|0x0000000712600000, 0x0000000712600000, 0x0000000712800000|  0%| F|  |TAMS 0x0000000712600000, 0x0000000712600000| Untracked 
| 109|0x0000000712800000, 0x0000000712800000, 0x0000000712a00000|  0%| F|  |TAMS 0x0000000712800000, 0x0000000712800000| Untracked 
| 110|0x0000000712a00000, 0x0000000712a00000, 0x0000000712c00000|  0%| F|  |TAMS 0x0000000712a00000, 0x0000000712a00000| Untracked 
| 111|0x0000000712c00000, 0x0000000712c00000, 0x0000000712e00000|  0%| F|  |TAMS 0x0000000712c00000, 0x0000000712c00000| Untracked 
| 112|0x0000000712e00000, 0x0000000712e00000, 0x0000000713000000|  0%| F|  |TAMS 0x0000000712e00000, 0x0000000712e00000| Untracked 
| 113|0x0000000713000000, 0x0000000713000000, 0x0000000713200000|  0%| F|  |TAMS 0x0000000713000000, 0x0000000713000000| Untracked 
| 114|0x0000000713200000, 0x0000000713200000, 0x0000000713400000|  0%| F|  |TAMS 0x0000000713200000, 0x0000000713200000| Untracked 
| 115|0x0000000713400000, 0x0000000713400000, 0x0000000713600000|  0%| F|  |TAMS 0x0000000713400000, 0x0000000713400000| Untracked 
| 116|0x0000000713600000, 0x0000000713600000, 0x0000000713800000|  0%| F|  |TAMS 0x0000000713600000, 0x0000000713600000| Untracked 
| 117|0x0000000713800000, 0x0000000713800000, 0x0000000713a00000|  0%| F|  |TAMS 0x0000000713800000, 0x0000000713800000| Untracked 
| 118|0x0000000713a00000, 0x0000000713a00000, 0x0000000713c00000|  0%| F|  |TAMS 0x0000000713a00000, 0x0000000713a00000| Untracked 
| 119|0x0000000713c00000, 0x0000000713c00000, 0x0000000713e00000|  0%| F|  |TAMS 0x0000000713c00000, 0x0000000713c00000| Untracked 
| 120|0x0000000713e00000, 0x0000000713e00000, 0x0000000714000000|  0%| F|  |TAMS 0x0000000713e00000, 0x0000000713e00000| Untracked 
| 121|0x0000000714000000, 0x0000000714000000, 0x0000000714200000|  0%| F|  |TAMS 0x0000000714000000, 0x0000000714000000| Untracked 
| 122|0x0000000714200000, 0x0000000714200000, 0x0000000714400000|  0%| F|  |TAMS 0x0000000714200000, 0x0000000714200000| Untracked 
| 123|0x0000000714400000, 0x0000000714400000, 0x0000000714600000|  0%| F|  |TAMS 0x0000000714400000, 0x0000000714400000| Untracked 
| 124|0x0000000714600000, 0x0000000714600000, 0x0000000714800000|  0%| F|  |TAMS 0x0000000714600000, 0x0000000714600000| Untracked 
| 125|0x0000000714800000, 0x0000000714a00000, 0x0000000714a00000|100%| E|  |TAMS 0x0000000714800000, 0x0000000714800000| Complete 

Card table byte_map: [0x00000260d3220000,0x00000260d3a00000] _byte_map_base: 0x00000260cf9f9000

Marking Bits (Prev, Next): (CMBitMap*) 0x00000260bd8f8fa0, (CMBitMap*) 0x00000260bd8f8fe0
 Prev Bits: [0x00000260d41e0000, 0x00000260d80a8000)
 Next Bits: [0x00000260d80b0000, 0x00000260dbf78000)

Polling page: 0x00000260bd940000

Metaspace:

Usage:
  Non-class:      4.01 MB capacity,     3.71 MB ( 93%) used,   305.40 KB (  7%) free+waste,   256 bytes ( <1%) overhead. 
      Class:    388.00 KB capacity,   354.62 KB ( 91%) used,    33.19 KB (  9%) free+waste,   192 bytes ( <1%) overhead. 
       Both:      4.39 MB capacity,     4.06 MB ( 92%) used,   338.59 KB (  8%) free+waste,   448 bytes ( <1%) overhead. 

Virtual space:
  Non-class space:        8.00 MB reserved,       4.25 MB ( 53%) committed 
      Class space:        1.00 GB reserved,     512.00 KB ( <1%) committed 
             Both:        1.01 GB reserved,       4.75 MB ( <1%) committed 

Chunk freelists:
   Non-Class:  0 bytes
       Class:  0 bytes
        Both:  0 bytes

MaxMetaspaceSize: 17179869184.00 GB
CompressedClassSpaceSize: 1.00 GB

CodeHeap 'non-profiled nmethods': size=120000Kb used=17Kb max_used=17Kb free=119982Kb
 bounds [0x00000260caa70000, 0x00000260cace0000, 0x00000260d1fa0000]
CodeHeap 'profiled nmethods': size=120000Kb used=102Kb max_used=102Kb free=119897Kb
 bounds [0x00000260c3540000, 0x00000260c37b0000, 0x00000260caa70000]
CodeHeap 'non-nmethods': size=5760Kb used=1064Kb max_used=1076Kb free=4695Kb
 bounds [0x00000260c2fa0000, 0x00000260c3210000, 0x00000260c3540000]
 total_blobs=364 nmethods=75 adapters=202
 compilation: enabled
              stopped_count=0, restarted_count=0
 full_count=0

Compilation events (20 events):
Event: 0.080 Thread 0x00000260df514430 nmethod 66 0x00000260c3553110 code [0x00000260c35532e0, 0x00000260c35535d8]
Event: 0.080 Thread 0x00000260df514430   67       3       java.io.BufferedInputStream::getBufIfOpen (21 bytes)
Event: 0.080 Thread 0x00000260df514430 nmethod 67 0x00000260c3553710 code [0x00000260c35538c0, 0x00000260c3553a88]
Event: 0.080 Thread 0x00000260df514430   68       3       java.lang.StringUTF16::compress (50 bytes)
Event: 0.080 Thread 0x00000260df514430 nmethod 68 0x00000260c3553b90 code [0x00000260c3553d40, 0x00000260c3553f78]
Event: 0.080 Thread 0x00000260df514430   70       3       java.io.DataInputStream::readUTF (501 bytes)
Event: 0.081 Thread 0x00000260df514430 nmethod 70 0x00000260c3554110 code [0x00000260c3554560, 0x00000260c3556588]
Event: 0.081 Thread 0x00000260df514430   75       3       java.io.DataInputStream::readFully (63 bytes)
Event: 0.082 Thread 0x00000260df514430 nmethod 75 0x00000260c3557190 code [0x00000260c3557380, 0x00000260c35577a8]
Event: 0.082 Thread 0x00000260df514430   69  s    3       java.io.BufferedInputStream::read (49 bytes)
Event: 0.082 Thread 0x00000260df514430 nmethod 69 0x00000260c3557990 code [0x00000260c3557b60, 0x00000260c3557f78]
Event: 0.082 Thread 0x00000260df4ce4a0   80       4       java.io.BufferedInputStream::getBufIfOpen (21 bytes)
Event: 0.082 Thread 0x00000260df514430   78  s    3       java.io.BufferedInputStream::read (113 bytes)
Event: 0.082 Thread 0x00000260df4ce4a0 nmethod 80 0x00000260caa74290 code [0x00000260caa74400, 0x00000260caa74478]
Event: 0.082 Thread 0x00000260df514430 nmethod 78 0x00000260c3558110 code [0x00000260c3558320, 0x00000260c3558af8]
Event: 0.082 Thread 0x00000260df514430   79       3       java.io.DataInputStream::readShort (40 bytes)
Event: 0.083 Thread 0x00000260df514430 nmethod 79 0x00000260c3558d90 code [0x00000260c3558f60, 0x00000260c35592e8]
Event: 0.083 Thread 0x00000260df514430   71       3       java.lang.String::<init> (74 bytes)
Event: 0.083 Thread 0x00000260df514430 nmethod 71 0x00000260c3559410 code [0x00000260c35595e0, 0x00000260c35599b8]
Event: 0.083 Thread 0x00000260df514430   73       3       java.lang.StringUTF16::compress (20 bytes)

GC Heap History (0 events):
No events

Deoptimization events (4 events):
Event: 0.069 Thread 0x00000260bd8a9a20 Uncommon trap: trap_request=0xffffff45 fr.pc=0x00000260caa73c34 relative=0x0000000000000214
Event: 0.069 Thread 0x00000260bd8a9a20 Uncommon trap: reason=unstable_if action=reinterpret pc=0x00000260caa73c34 method=java.lang.String.hashCode()I @ 42 c2
Event: 0.069 Thread 0x00000260bd8a9a20 DEOPT PACKING pc=0x00000260caa73c34 sp=0x000000b342bfd610
Event: 0.069 Thread 0x00000260bd8a9a20 DEOPT UNPACKING pc=0x00000260c2fee42f sp=0x000000b342bfd5a8 mode 2

Classes unloaded (0 events):
No events

Classes redefined (1 events):
Event: 0.067 Thread 0x00000260debf1b60 redefined class name=java.io.FileOutputStream, count=1

Internal exceptions (0 events):
No events

Events (20 events):
Event: 0.082 loading class jdk/internal/misc/TerminatingThreadLocal$1
Event: 0.082 loading class jdk/internal/misc/TerminatingThreadLocal$1 done
Event: 0.082 Thread 0x00000260bd8a9a20 Thread exited: 0x00000260bd8a9a20
Event: 0.082 Thread 0x00000260bd8a9a20 Thread added: 0x00000260bd8a9a20
Event: 0.082 loading class java/lang/Shutdown
Event: 0.082 loading class java/lang/Shutdown done
Event: 0.082 loading class sun/util/calendar/ZoneInfoFile$ZoneOffsetTransitionRule
Event: 0.082 loading class java/lang/Shutdown$Lock
Event: 0.082 loading class java/lang/Shutdown$Lock done
Event: 0.083 loading class sun/util/calendar/ZoneInfoFile$ZoneOffsetTransitionRule done
Event: 0.083 loading class sun/util/calendar/ZoneInfoFile$Checksum
Event: 0.083 loading class java/util/zip/CRC32
Event: 0.083 loading class java/util/zip/Checksum
Event: 0.083 loading class java/util/zip/Checksum done
Event: 0.083 loading class java/util/zip/CRC32 done
Event: 0.083 loading class sun/util/calendar/ZoneInfoFile$Checksum done
Event: 0.083 loading class java/util/zip/Checksum$1
Event: 0.083 loading class java/util/zip/Checksum$1 done
Event: 0.083 loading class java/util/zip/ZipUtils
Event: 0.083 Thread 0x00000260bd8a9a20 Thread exited: 0x00000260bd8a9a20


Dynamic libraries:
0x00007ff764f40000 - 0x00007ff764f4d000 	D:\contents\sts-4.9.0.RELEASE\plugins\org.eclipse.justj.openjdk.hotspot.jre.full.win32.x86_64_15.0.1.v20201027-0507\jre\bin\javaw.exe
0x00007ffbacf50000 - 0x00007ffbad148000 	C:\windows\SYSTEM32\ntdll.dll
0x00007ffbaccb0000 - 0x00007ffbacd6d000 	C:\windows\System32\KERNEL32.DLL
0x00007ffbac9b0000 - 0x00007ffbacca6000 	C:\windows\System32\KERNELBASE.dll
0x0000000074fa0000 - 0x0000000074fdb000 	C:\windows\System32\cyinjct.dll
0x00007ffbac830000 - 0x00007ffbac83c000 	C:\windows\System32\ntnativeapi.dll
0x00007ffba2610000 - 0x00007ffba2628000 	D:\contents\sts-4.9.0.RELEASE\plugins\org.eclipse.justj.openjdk.hotspot.jre.full.win32.x86_64_15.0.1.v20201027-0507\jre\bin\jli.dll
0x00000260bd390000 - 0x00000260bd52e000 	C:\windows\System32\USER32.dll
0x00007ffbaa950000 - 0x00007ffbaa972000 	C:\windows\System32\win32u.dll
0x00007ffbaabb0000 - 0x00007ffbaabdc000 	C:\windows\System32\GDI32.dll
0x00007ffbaa830000 - 0x00007ffbaa94a000 	C:\windows\System32\gdi32full.dll
0x00007ffbaaa60000 - 0x00007ffbaaafd000 	C:\windows\System32\msvcp_win.dll
0x00000260bd530000 - 0x00000260bd630000 	C:\windows\System32\ucrtbase.dll
0x00007ffba2050000 - 0x00007ffba2069000 	D:\contents\sts-4.9.0.RELEASE\plugins\org.eclipse.justj.openjdk.hotspot.jre.full.win32.x86_64_15.0.1.v20201027-0507\jre\bin\VCRUNTIME140.dll
0x00007ffb8bdb0000 - 0x00007ffb8c04a000 	C:\windows\WinSxS\amd64_microsoft.windows.common-controls_6595b64144ccf1df_6.0.19041.3636_none_60b6a03d71f818d5\COMCTL32.dll
0x00007ffbabc40000 - 0x00007ffbabcde000 	C:\windows\System32\msvcrt.dll
0x00007ffbac810000 - 0x00007ffbac82e000 	C:\windows\System32\cyvera.dll
0x00007ffbac7a0000 - 0x00007ffbac80b000 	C:\windows\System32\cyvrtrap.dll
0x00007ffbab5f0000 - 0x00007ffbab620000 	C:\windows\System32\IMM32.DLL
0x00007ffb65b90000 - 0x00007ffb65c34000 	C:\Program Files\McAfee\Endpoint Security\Threat Prevention\Ips\EpMPApi.dll
0x00007ffbac880000 - 0x00007ffbac9a6000 	C:\windows\System32\RPCRT4.dll
0x00007ffbab850000 - 0x00007ffbab8ff000 	C:\windows\System32\ADVAPI32.dll
0x00007ffbab900000 - 0x00007ffbab99c000 	C:\windows\System32\sechost.dll
0x00007ffbaa6c0000 - 0x00007ffbaa727000 	C:\windows\System32\WINTRUST.dll
0x00007ffbaa560000 - 0x00007ffbaa6bd000 	C:\windows\System32\CRYPT32.dll
0x00007ffbaa0e0000 - 0x00007ffbaa0f2000 	C:\windows\SYSTEM32\MSASN1.dll
0x0000000076b90000 - 0x0000000076b9c000 	C:\Program Files\McAfee\Endpoint Security\Threat Prevention\Ips\EpMPThe.dll
0x00007ffba2600000 - 0x00007ffba260c000 	D:\contents\sts-4.9.0.RELEASE\plugins\org.eclipse.justj.openjdk.hotspot.jre.full.win32.x86_64_15.0.1.v20201027-0507\jre\bin\vcruntime140_1.dll
0x00007ffb8bbe0000 - 0x00007ffb8bc71000 	D:\contents\sts-4.9.0.RELEASE\plugins\org.eclipse.justj.openjdk.hotspot.jre.full.win32.x86_64_15.0.1.v20201027-0507\jre\bin\msvcp140.dll
0x00007ffb31820000 - 0x00007ffb3237e000 	D:\contents\sts-4.9.0.RELEASE\plugins\org.eclipse.justj.openjdk.hotspot.jre.full.win32.x86_64_15.0.1.v20201027-0507\jre\bin\server\jvm.dll
0x00007ffbac390000 - 0x00007ffbac398000 	C:\windows\System32\PSAPI.DLL
0x00007ffb6c640000 - 0x00007ffb6c649000 	C:\windows\SYSTEM32\WSOCK32.dll
0x00007ffbab620000 - 0x00007ffbab68b000 	C:\windows\System32\WS2_32.dll
0x00007ffb96d50000 - 0x00007ffb96d77000 	C:\windows\SYSTEM32\WINMM.dll
0x00007ffb9fed0000 - 0x00007ffb9feda000 	C:\windows\SYSTEM32\VERSION.dll
0x00007ffba8cb0000 - 0x00007ffba8cc2000 	C:\windows\SYSTEM32\kernel.appcore.dll
0x00007ffb61180000 - 0x00007ffb6118a000 	D:\contents\sts-4.9.0.RELEASE\plugins\org.eclipse.justj.openjdk.hotspot.jre.full.win32.x86_64_15.0.1.v20201027-0507\jre\bin\jimage.dll
0x00007ffba78f0000 - 0x00007ffba7ad4000 	C:\windows\SYSTEM32\DBGHELP.DLL
0x00007ffb80590000 - 0x00007ffb805c4000 	C:\windows\SYSTEM32\dbgcore.DLL
0x00007ffbaab00000 - 0x00007ffbaab82000 	C:\windows\System32\bcryptPrimitives.dll
0x00007ffbac760000 - 0x00007ffbac797000 	C:\Program Files\Palo Alto Networks\Traps\cyjagent.dll
0x00007ffb5f0a0000 - 0x00007ffb5f0c5000 	D:\contents\sts-4.9.0.RELEASE\plugins\org.eclipse.justj.openjdk.hotspot.jre.full.win32.x86_64_15.0.1.v20201027-0507\jre\bin\java.dll
0x00007ffb5f080000 - 0x00007ffb5f098000 	D:\contents\sts-4.9.0.RELEASE\plugins\org.eclipse.justj.openjdk.hotspot.jre.full.win32.x86_64_15.0.1.v20201027-0507\jre\bin\zip.dll
0x00007ffbaadf0000 - 0x00007ffbab535000 	C:\windows\System32\SHELL32.dll
0x00007ffba81f0000 - 0x00007ffba898b000 	C:\windows\SYSTEM32\windows.storage.dll
0x00007ffbac3a0000 - 0x00007ffbac6f4000 	C:\windows\System32\combase.dll
0x00007ffba9f50000 - 0x00007ffba9f7d000 	C:\windows\SYSTEM32\Wldp.dll
0x00007ffbabd40000 - 0x00007ffbabded000 	C:\windows\System32\SHCORE.dll
0x00007ffbabce0000 - 0x00007ffbabd35000 	C:\windows\System32\shlwapi.dll
0x00007ffbaa440000 - 0x00007ffbaa465000 	C:\windows\SYSTEM32\profapi.dll

dbghelp: loaded successfully - version: 4.0.5 - missing functions: none
symbol engine: initialized successfully - sym options: 0x614 - pdb path: .;D:\contents\sts-4.9.0.RELEASE\plugins\org.eclipse.justj.openjdk.hotspot.jre.full.win32.x86_64_15.0.1.v20201027-0507\jre\bin;C:\windows\SYSTEM32;C:\windows\WinSxS\amd64_microsoft.windows.common-controls_6595b64144ccf1df_6.0.19041.3636_none_60b6a03d71f818d5;C:\Program Files\McAfee\Endpoint Security\Threat Prevention\Ips;D:\contents\sts-4.9.0.RELEASE\plugins\org.eclipse.justj.openjdk.hotspot.jre.full.win32.x86_64_15.0.1.v20201027-0507\jre\bin\server;C:\Program Files\Palo Alto Networks\Traps

VM Arguments:
jvm_args: -Dfile.encoding=Cp1252 -XX:+ShowCodeDetailsInExceptionMessages -agentpath:C:\Program Files\Palo Alto Networks\Traps\cyjagent.dll 
java_command: exception.UserDefinedException
java_class_path (initial): C:\Users\rajk9\Documents\workspace-spring-tool-suite-4-4.9.0.RELEASE\OopsProject\bin
Launcher Type: SUN_STANDARD

[Global flags]
     intx CICompilerCount                          = 4                                         {product} {ergonomic}
     uint ConcGCThreads                            = 3                                         {product} {ergonomic}
     uint G1ConcRefinementThreads                  = 10                                        {product} {ergonomic}
   size_t G1HeapRegionSize                         = 2097152                                   {product} {ergonomic}
    uintx GCDrainStackTargetSize                   = 64                                        {product} {ergonomic}
   size_t InitialHeapSize                          = 264241152                                 {product} {ergonomic}
   size_t MarkStackSize                            = 4194304                                   {product} {ergonomic}
   size_t MaxHeapSize                              = 4213178368                                {product} {ergonomic}
   size_t MaxNewSize                               = 2527068160                                {product} {ergonomic}
   size_t MinHeapDeltaBytes                        = 2097152                                   {product} {ergonomic}
   size_t MinHeapSize                              = 8388608                                   {product} {ergonomic}
    uintx NonNMethodCodeHeapSize                   = 5839372                                {pd product} {ergonomic}
    uintx NonProfiledCodeHeapSize                  = 122909434                              {pd product} {ergonomic}
    uintx ProfiledCodeHeapSize                     = 122909434                              {pd product} {ergonomic}
    uintx ReservedCodeCacheSize                    = 251658240                              {pd product} {ergonomic}
     bool SegmentedCodeCache                       = true                                      {product} {ergonomic}
     bool ShowCodeDetailsInExceptionMessages       = true                                   {manageable} {command line}
   size_t SoftMaxHeapSize                          = 4213178368                             {manageable} {ergonomic}
     bool UseCompressedClassPointers               = true                                 {lp64_product} {ergonomic}
     bool UseCompressedOops                        = true                                 {lp64_product} {ergonomic}
     bool UseG1GC                                  = true                                      {product} {ergonomic}
     bool UseLargePagesIndividualAllocation        = false                                  {pd product} {ergonomic}

Logging:
Log output configuration:
 #0: stdout all=warning uptime,level,tags
 #1: stderr all=off uptime,level,tags

Environment Variables:
PATH=D:/contents/sts-4.9.0.RELEASE//plugins/org.eclipse.justj.openjdk.hotspot.jre.full.win32.x86_64_15.0.1.v20201027-0507/jre/bin/server;D:/contents/sts-4.9.0.RELEASE//plugins/org.eclipse.justj.openjdk.hotspot.jre.full.win32.x86_64_15.0.1.v20201027-0507/jre/bin;C:\windows\system32;C:\windows;C:\windows\System32\Wbem;C:\windows\System32\WindowsPowerShell\v1.0\;C:\windows\System32\OpenSSH\;C:\Program Files (x86)\Windows Kits\10\Windows Performance Toolkit\;C:\Program Files\WinMerge;C:\Program Files\TortoiseSVN\bin;C:\Program Files\TortoiseGit\bin;C;C:\Program Files\LLVM\bin;C:\Program Files\ojdkbuild\java-11-openjdk-jre-11.0.15-1\bin;C:\Program Files\Microsoft VS Code\bin;C:\Program Files\Git\cmd;C:\Program Files\PuTTY\;C:\Users\rajk9\AppData\Local\Microsoft\WindowsApps;;D:\contents\sts-4.9.0.RELEASE;
USERNAME=rajk9
OS=Windows_NT
PROCESSOR_IDENTIFIER=Intel64 Family 6 Model 154 Stepping 4, GenuineIntel



---------------  S Y S T E M  ---------------

OS:
 Windows 10 , 64 bit Build 19041 (10.0.19041.3636)
OS uptime: 0 days 3:43 hours

CPU: total 12 (initial active 12) (6 cores per cpu, 2 threads per core) family 6 model 154 stepping 4 microcode 0x42a, cmov, cx8, fxsr, mmx, sse, sse2, sse3, ssse3, sse4.1, sse4.2, popcnt, vzeroupper, avx, avx2, aes, clmul, erms, 3dnowpref, lzcnt, ht, tsc, tscinvbit, bmi1, bmi2, adx, sha, fma, clflush, clflushopt, clwb

Memory: 4k page, system-wide physical 16068M (7289M free)
TotalPageFile size 19012M (AvailPageFile size 7453M)
current process WorkingSet (physical memory assigned to process): 33M, peak: 33M
current process commit charge ("private bytes"): 339M, peak: 340M

vm_info: OpenJDK 64-Bit Server VM (15.0.1+9-18) for windows-amd64 JRE (15.0.1+9-18), built on Sep 15 2020 14:39:31 by "mach5one" with unknown MS VC++:1925

END.
